[22:39:37] [main/INFO]: Loading Minecraft 1.20.1 with Fabric Loader 0.18.2
[22:39:37] [main/INFO]: Fabric is preparing JARs on first launch, this may take a few seconds...
[22:39:37] [main/INFO]: Loading 4 mods:
	- fabricloader 0.18.2
	   \-- mixinextras 0.5.0
	- java 17
	- minecraft 1.20.1
[22:39:37] [main/INFO]: SpongePowered MIXIN Subsystem Version=0.8.7 Source=file:/workspaces/bookish-pancake/servidor_minecraft/libraries/net/fabricmc/sponge-mixin/0.16.5+mixin.0.8.7/sponge-mixin-0.16.5+mixin.0.8.7.jar Service=Knot/Fabric Env=SERVER
[22:39:43] [main/INFO]: Environment: authHost='https://authserver.mojang.com', accountsHost='https://api.mojang.com', sessionHost='https://sessionserver.mojang.com', servicesHost='https://api.minecraftservices.com', name='PROD'
[22:39:45] [main/INFO]: Loaded 7 recipes
[22:39:45] [main/INFO]: Loaded 1271 advancements
[22:39:45] [Server thread/INFO]: Starting minecraft server version 1.20.1
[22:39:45] [Server thread/INFO]: Loading properties
[22:39:45] [Server thread/INFO]: Default game type: SURVIVAL
[22:39:45] [Server thread/INFO]: Generating keypair
[22:39:45] [Server thread/INFO]: Starting Minecraft server on *:25565
[22:39:45] [Server thread/INFO]: Using epoll channel type
[22:39:45] [Server thread/WARN]: **** SERVER IS RUNNING IN OFFLINE/INSECURE MODE!
[22:39:45] [Server thread/WARN]: The server will make no attempt to authenticate usernames. Beware.
[22:39:45] [Server thread/WARN]: While this makes the game possible to play without internet access, it also opens up the ability for hackers to connect with any username they choose.
[22:39:45] [Server thread/WARN]: To change this, set "online-mode" to "true" in the server.properties file.
[22:39:45] [Server thread/INFO]: Preparing level "world"
[22:39:51] [Server thread/INFO]: Preparing start region for dimension minecraft:overworld
[22:39:52] [Worker-Main-1/INFO]: Preparing spawn area: 0%
[22:39:52] [Worker-Main-1/INFO]: Preparing spawn area: 0%
[22:39:52] [Worker-Main-3/INFO]: Preparing spawn area: 0%
[22:39:53] [Worker-Main-1/INFO]: Preparing spawn area: 0%
[22:39:53] [Worker-Main-3/INFO]: Preparing spawn area: 0%
[22:39:54] [Worker-Main-2/INFO]: Preparing spawn area: 1%
[22:39:54] [Worker-Main-1/INFO]: Preparing spawn area: 2%
[22:39:55] [Worker-Main-2/INFO]: Preparing spawn area: 3%
[22:39:55] [Worker-Main-1/INFO]: Preparing spawn area: 4%
[22:39:56] [Worker-Main-1/INFO]: Preparing spawn area: 4%
[22:39:56] [Worker-Main-2/INFO]: Preparing spawn area: 5%
[22:39:57] [Worker-Main-3/INFO]: Preparing spawn area: 6%
[22:39:57] [Worker-Main-1/INFO]: Preparing spawn area: 8%
[22:39:58] [Worker-Main-2/INFO]: Preparing spawn area: 10%
[22:39:58] [Worker-Main-1/INFO]: Preparing spawn area: 11%
[22:39:59] [Worker-Main-1/INFO]: Preparing spawn area: 12%
[22:39:59] [Worker-Main-1/INFO]: Preparing spawn area: 13%
[22:40:00] [Worker-Main-2/INFO]: Preparing spawn area: 15%
[22:40:00] [Worker-Main-2/INFO]: Preparing spawn area: 17%
[22:40:01] [Worker-Main-1/INFO]: Preparing spawn area: 19%
[22:40:01] [Worker-Main-3/INFO]: Preparing spawn area: 22%
[22:40:02] [Worker-Main-2/INFO]: Preparing spawn area: 23%
[22:40:02] [Worker-Main-1/INFO]: Preparing spawn area: 25%
[22:40:03] [Worker-Main-3/INFO]: Preparing spawn area: 27%
[22:40:03] [Worker-Main-2/INFO]: Preparing spawn area: 30%
[22:40:04] [Worker-Main-3/INFO]: Preparing spawn area: 32%
[22:40:04] [Worker-Main-1/INFO]: Preparing spawn area: 34%
[22:40:05] [Worker-Main-3/INFO]: Preparing spawn area: 36%
[22:40:05] [Worker-Main-3/INFO]: Preparing spawn area: 38%
[22:40:06] [Worker-Main-3/INFO]: Preparing spawn area: 41%
[22:40:06] [Worker-Main-1/INFO]: Preparing spawn area: 43%
[22:40:07] [Worker-Main-3/INFO]: Preparing spawn area: 45%
[22:40:07] [Worker-Main-1/INFO]: Preparing spawn area: 47%
[22:40:08] [Worker-Main-2/INFO]: Preparing spawn area: 50%
[22:40:08] [Worker-Main-3/INFO]: Preparing spawn area: 52%
[22:40:09] [Worker-Main-3/INFO]: Preparing spawn area: 54%
[22:40:09] [Worker-Main-1/INFO]: Preparing spawn area: 56%
[22:40:10] [Worker-Main-2/INFO]: Preparing spawn area: 59%
[22:40:10] [Worker-Main-3/INFO]: Preparing spawn area: 62%
[22:40:11] [Worker-Main-1/INFO]: Preparing spawn area: 64%
[22:40:11] [Worker-Main-1/INFO]: Preparing spawn area: 68%
[22:40:12] [Worker-Main-2/INFO]: Preparing spawn area: 70%
[22:40:12] [Worker-Main-1/INFO]: Preparing spawn area: 73%
[22:40:13] [Worker-Main-1/INFO]: Preparing spawn area: 76%
[22:40:13] [Worker-Main-3/INFO]: Preparing spawn area: 79%
[22:40:14] [Worker-Main-1/INFO]: Preparing spawn area: 83%
[22:40:14] [Worker-Main-3/INFO]: Preparing spawn area: 84%
[22:40:15] [Worker-Main-2/INFO]: Preparing spawn area: 87%
[22:40:15] [Worker-Main-1/INFO]: Preparing spawn area: 90%
[22:40:16] [Worker-Main-1/INFO]: Preparing spawn area: 94%
[22:40:16] [Worker-Main-1/INFO]: Preparing spawn area: 97%
[22:40:16] [Server thread/INFO]: Time elapsed: 25240 ms
[22:40:16] [Server thread/INFO]: Done (31.012s)! For help, type "help"
[22:54:10] [Server thread/INFO]: GacoGC[/10.169.232.148:61100] logged in with entity id 298 at (-147.5, 72.0, -140.5)
[22:54:10] [Server thread/INFO]: GacoGC joined the game
[22:58:34] [Server thread/INFO]: GacoGC lost connection: Disconnected
[22:58:34] [Server thread/INFO]: GacoGC left the game
[23:04:42] [Server thread/INFO]: Unknown or incomplete command, see below for error
[23:04:42] [Server thread/INFO]: 1<--[HERE]
[23:04:44] [Server thread/INFO]: Unknown or incomplete command, see below for error
[23:04:44] [Server thread/INFO]: 2<--[HERE]
[23:05:08] [Server thread/INFO]: Unknown or incomplete command, see below for error
[23:05:08] [Server thread/INFO]: shut down<--[HERE]
[23:05:11] [Server thread/INFO]: Unknown or incomplete command, see below for error
[23:05:11] [Server thread/INFO]: shutdown<--[HERE]
[23:08:29] [Server thread/INFO]: Unknown or incomplete command, see below for error
[23:08:29] [Server thread/INFO]: disconnect<--[HERE]
